<?xml version="1.0" encoding="UTF-8"?>
<testng-results skipped="0" failed="0" ignored="0" total="1" passed="1">
  <reporter-output>
  </reporter-output>
  <suite name="Default suite" duration-ms="13999" started-at="2019-02-06T09:46:21Z" finished-at="2019-02-06T09:46:35Z">
    <groups>
    </groups>
    <test name="Default test" duration-ms="13999" started-at="2019-02-06T09:46:21Z" finished-at="2019-02-06T09:46:35Z">
      <class name="com.training.cyclos.tests.MessageAlert">
        <test-method status="PASS" signature="beforeClass()[pri:0, instance:com.training.cyclos.tests.MessageAlert@3bfdc050]" name="beforeClass" is-config="true" duration-ms="14" started-at="2019-02-06T09:46:21Z" finished-at="2019-02-06T09:46:21Z">
          <reporter-output>
          </reporter-output>
        </test-method> <!-- beforeClass -->
        <test-method status="PASS" signature="beforeMethod()[pri:0, instance:com.training.cyclos.tests.MessageAlert@3bfdc050]" name="beforeMethod" is-config="true" duration-ms="5764" started-at="2019-02-06T09:46:21Z" finished-at="2019-02-06T09:46:27Z">
          <reporter-output>
          </reporter-output>
        </test-method> <!-- beforeMethod -->
        <test-method status="PASS" signature="f()[pri:0, instance:com.training.cyclos.tests.MessageAlert@3bfdc050]" name="f" duration-ms="6451" started-at="2019-02-06T09:46:27Z" finished-at="2019-02-06T09:46:33Z">
          <reporter-output>
          </reporter-output>
        </test-method> <!-- f -->
        <test-method status="PASS" signature="afterMethod()[pri:0, instance:com.training.cyclos.tests.MessageAlert@3bfdc050]" name="afterMethod" is-config="true" duration-ms="1742" started-at="2019-02-06T09:46:33Z" finished-at="2019-02-06T09:46:35Z">
          <reporter-output>
          </reporter-output>
        </test-method> <!-- afterMethod -->
      </class> <!-- com.training.cyclos.tests.MessageAlert -->
    </test> <!-- Default test -->
  </suite> <!-- Default suite -->
</testng-results>
