<?xml version="1.0" encoding="UTF-8"?>
<testng-results skipped="0" failed="0" ignored="0" total="1" passed="1">
  <reporter-output>
  </reporter-output>
  <suite name="Default suite" duration-ms="10936" started-at="2019-01-25T11:23:34Z" finished-at="2019-01-25T11:23:45Z">
    <groups>
    </groups>
    <test name="Default test" duration-ms="10936" started-at="2019-01-25T11:23:34Z" finished-at="2019-01-25T11:23:45Z">
      <class name="com.training.cyclos.tests.ChangeAdminPassword">
        <test-method status="PASS" signature="beforeClass()[pri:0, instance:com.training.cyclos.tests.ChangeAdminPassword@3bfdc050]" name="beforeClass" is-config="true" duration-ms="25" started-at="2019-01-25T11:23:34Z" finished-at="2019-01-25T11:23:34Z">
          <reporter-output>
          </reporter-output>
        </test-method> <!-- beforeClass -->
        <test-method status="PASS" signature="beforeMethod()[pri:0, instance:com.training.cyclos.tests.ChangeAdminPassword@3bfdc050]" name="beforeMethod" is-config="true" duration-ms="5836" started-at="2019-01-25T11:23:34Z" finished-at="2019-01-25T11:23:40Z">
          <reporter-output>
          </reporter-output>
        </test-method> <!-- beforeMethod -->
        <test-method status="PASS" signature="changeAdminPass()[pri:0, instance:com.training.cyclos.tests.ChangeAdminPassword@3bfdc050]" name="changeAdminPass" duration-ms="3297" started-at="2019-01-25T11:23:40Z" finished-at="2019-01-25T11:23:43Z">
          <reporter-output>
          </reporter-output>
        </test-method> <!-- changeAdminPass -->
        <test-method status="PASS" signature="afterMethod()[pri:0, instance:com.training.cyclos.tests.ChangeAdminPassword@3bfdc050]" name="afterMethod" is-config="true" duration-ms="1743" started-at="2019-01-25T11:23:43Z" finished-at="2019-01-25T11:23:45Z">
          <reporter-output>
          </reporter-output>
        </test-method> <!-- afterMethod -->
      </class> <!-- com.training.cyclos.tests.ChangeAdminPassword -->
    </test> <!-- Default test -->
  </suite> <!-- Default suite -->
</testng-results>
